2016-08-23 10:49:08.914+0000 INFO  [API] Setting startup timeout to: 120000ms based on 120000
2016-08-23 10:49:17.350+0000 INFO  [API] Successfully started database
2016-08-23 10:49:17.606+0000 INFO  [API] Starting HTTP on port :7474 with 8 threads available
2016-08-23 10:49:18.249+0000 INFO  [API] Enabling HTTPS on port :7473
2016-08-23 10:49:18.250+0000 INFO  [API] No SSL certificate found, generating a self-signed certificate..
10:49:19.619 [main] INFO  org.eclipse.jetty.util.log - Logging initialized @12367ms
2016-08-23 10:49:19.816+0000 INFO  [API] Mounting static content at [/webadmin] from [webadmin-html]
2016-08-23 10:49:19.992+0000 INFO  [API] Mounting static content at [/browser] from [browser]
10:49:19.996 [main] INFO  org.eclipse.jetty.server.Server - jetty-9.2.4.v20141103
10:49:20.054 [main] INFO  o.e.j.server.handler.ContextHandler - Started o.e.j.s.h.MovedContextHandler@409aa8fa{/,null,AVAILABLE}
10:49:20.292 [main] INFO  o.e.j.w.StandardDescriptorProcessor - NO JSP Support for /webadmin, did not find org.apache.jasper.servlet.JspServlet
10:49:20.411 [main] INFO  o.e.j.server.handler.ContextHandler - Started o.e.j.w.WebAppContext@716d58b1{/webadmin,jar:file:/home/ubuntu/workspace/context/db/neo4j/development/system/lib/neo4j-server-2.2.2-static-web.jar!/webadmin-html,AVAILABLE}
10:49:21.993 [main] INFO  o.e.j.server.handler.ContextHandler - Started o.e.j.s.ServletContextHandler@13c29138{/db/manage,null,AVAILABLE}
10:49:23.051 [main] INFO  o.e.j.server.handler.ContextHandler - Started o.e.j.s.ServletContextHandler@562b6a72{/db/data,null,AVAILABLE}
10:49:23.077 [main] INFO  o.e.j.w.StandardDescriptorProcessor - NO JSP Support for /browser, did not find org.apache.jasper.servlet.JspServlet
10:49:23.079 [main] INFO  o.e.j.server.handler.ContextHandler - Started o.e.j.w.WebAppContext@68a12044{/browser,jar:file:/home/ubuntu/workspace/context/db/neo4j/development/system/lib/neo4j-browser-2.2.2.jar!/browser,AVAILABLE}
10:49:23.421 [main] INFO  o.e.j.server.handler.ContextHandler - Started o.e.j.s.ServletContextHandler@73596910{/,null,AVAILABLE}
10:49:23.474 [main] INFO  o.e.jetty.server.ServerConnector - Started ServerConnector@14fe7a5{HTTP/1.1}{localhost:7474}
10:49:23.693 [main] INFO  o.e.jetty.server.ServerConnector - Started ServerConnector@50bea0fd{SSL-HTTP/1.1}{localhost:7473}
10:49:23.694 [main] INFO  org.eclipse.jetty.server.Server - Started @16453ms
2016-08-23 10:49:23.694+0000 INFO  [API] Server started on: http://localhost:7474/
2016-08-23 10:49:23.697+0000 INFO  [API] Remote interface ready and available at [http://localhost:7474/]
